09:11:09.468 [main] INFO  testCases.TC_002_LoginTest - Starting TC_002_LoginTest
09:11:24.961 [main] INFO  testCases.TC_003_LoginDataDrivenTest -  Starting TC_003_LoginDataDrivenTest 
09:11:36.239 [main] INFO  testCases.TC_003_LoginDataDrivenTest -  Starting TC_003_LoginDataDrivenTest 
09:11:47.057 [main] INFO  testCases.TC_003_LoginDataDrivenTest -  Finished TC_003_LoginDataDrivenTest
09:11:47.060 [main] INFO  testCases.TC_003_LoginDataDrivenTest -  Starting TC_003_LoginDataDrivenTest 
09:11:57.913 [main] INFO  testCases.TC_003_LoginDataDrivenTest -  Finished TC_003_LoginDataDrivenTest
09:11:57.916 [main] INFO  testCases.TC_003_LoginDataDrivenTest -  Starting TC_003_LoginDataDrivenTest 
09:12:08.719 [main] INFO  testCases.TC_003_LoginDataDrivenTest -  Finished TC_003_LoginDataDrivenTest
09:12:08.721 [main] INFO  testCases.TC_003_LoginDataDrivenTest -  Starting TC_003_LoginDataDrivenTest 
09:14:53.458 [main] INFO  testCases.TC_002_LoginTest - Starting TC_002_LoginTest
09:14:54.921 [main] INFO  testCases.TC_002_LoginTest -  Finished TC_002_LoginTest
09:14:58.670 [main] INFO  testCases.TC_003_LoginDataDrivenTest -  Starting TC_003_LoginDataDrivenTest 
09:15:00.200 [main] INFO  testCases.TC_003_LoginDataDrivenTest -  Finished TC_003_LoginDataDrivenTest
09:15:00.204 [main] INFO  testCases.TC_003_LoginDataDrivenTest -  Starting TC_003_LoginDataDrivenTest 
09:15:11.131 [main] INFO  testCases.TC_003_LoginDataDrivenTest -  Finished TC_003_LoginDataDrivenTest
09:15:11.133 [main] INFO  testCases.TC_003_LoginDataDrivenTest -  Starting TC_003_LoginDataDrivenTest 
09:15:21.939 [main] INFO  testCases.TC_003_LoginDataDrivenTest -  Finished TC_003_LoginDataDrivenTest
09:15:21.942 [main] INFO  testCases.TC_003_LoginDataDrivenTest -  Starting TC_003_LoginDataDrivenTest 
09:15:32.795 [main] INFO  testCases.TC_003_LoginDataDrivenTest -  Finished TC_003_LoginDataDrivenTest
09:15:32.798 [main] INFO  testCases.TC_003_LoginDataDrivenTest -  Starting TC_003_LoginDataDrivenTest 
09:15:34.068 [main] INFO  testCases.TC_003_LoginDataDrivenTest -  Finished TC_003_LoginDataDrivenTest
04:23:34.104 [main] INFO  testCases.TC_002_LoginTest - Starting TC_002_LoginTest
04:23:35.508 [main] INFO  testCases.TC_002_LoginTest -  Finished TC_002_LoginTest
04:23:39.965 [main] INFO  testCases.TC_003_LoginDataDrivenTest -  Starting TC_003_LoginDataDrivenTest 
04:23:41.717 [main] INFO  testCases.TC_003_LoginDataDrivenTest -  Finished TC_003_LoginDataDrivenTest
04:23:41.722 [main] INFO  testCases.TC_003_LoginDataDrivenTest -  Starting TC_003_LoginDataDrivenTest 
04:23:52.759 [main] INFO  testCases.TC_003_LoginDataDrivenTest -  Finished TC_003_LoginDataDrivenTest
04:23:52.762 [main] INFO  testCases.TC_003_LoginDataDrivenTest -  Starting TC_003_LoginDataDrivenTest 
04:24:03.482 [main] INFO  testCases.TC_003_LoginDataDrivenTest -  Finished TC_003_LoginDataDrivenTest
04:24:03.484 [main] INFO  testCases.TC_003_LoginDataDrivenTest -  Starting TC_003_LoginDataDrivenTest 
04:24:14.114 [main] INFO  testCases.TC_003_LoginDataDrivenTest -  Finished TC_003_LoginDataDrivenTest
04:24:14.116 [main] INFO  testCases.TC_003_LoginDataDrivenTest -  Starting TC_003_LoginDataDrivenTest 
04:24:15.008 [main] INFO  testCases.TC_003_LoginDataDrivenTest -  Finished TC_003_LoginDataDrivenTest
04:50:57.279 [main] INFO  testCases.TC_002_LoginTest - Starting TC_002_LoginTest
04:50:58.236 [main] INFO  testCases.TC_002_LoginTest -  Finished TC_002_LoginTest
04:51:01.570 [main] INFO  testCases.TC_003_LoginDataDrivenTest -  Starting TC_003_LoginDataDrivenTest 
04:51:02.678 [main] INFO  testCases.TC_003_LoginDataDrivenTest -  Finished TC_003_LoginDataDrivenTest
04:51:02.679 [main] INFO  testCases.TC_003_LoginDataDrivenTest -  Starting TC_003_LoginDataDrivenTest 
04:51:13.366 [main] INFO  testCases.TC_003_LoginDataDrivenTest -  Finished TC_003_LoginDataDrivenTest
04:51:13.367 [main] INFO  testCases.TC_003_LoginDataDrivenTest -  Starting TC_003_LoginDataDrivenTest 
04:51:23.874 [main] INFO  testCases.TC_003_LoginDataDrivenTest -  Finished TC_003_LoginDataDrivenTest
04:51:23.877 [main] INFO  testCases.TC_003_LoginDataDrivenTest -  Starting TC_003_LoginDataDrivenTest 
04:51:34.436 [main] INFO  testCases.TC_003_LoginDataDrivenTest -  Finished TC_003_LoginDataDrivenTest
04:51:34.437 [main] INFO  testCases.TC_003_LoginDataDrivenTest -  Starting TC_003_LoginDataDrivenTest 
04:51:35.291 [main] INFO  testCases.TC_003_LoginDataDrivenTest -  Finished TC_003_LoginDataDrivenTest
06:54:31.109 [main] INFO  testCases.TC_002_LoginTest - Starting TC_002_LoginTest
06:54:32.399 [main] INFO  testCases.TC_002_LoginTest -  Finished TC_002_LoginTest
06:54:36.640 [main] INFO  testCases.TC_003_LoginDataDrivenTest -  Starting TC_003_LoginDataDrivenTest 
06:54:38.394 [main] INFO  testCases.TC_003_LoginDataDrivenTest -  Finished TC_003_LoginDataDrivenTest
06:54:38.397 [main] INFO  testCases.TC_003_LoginDataDrivenTest -  Starting TC_003_LoginDataDrivenTest 
06:54:49.394 [main] INFO  testCases.TC_003_LoginDataDrivenTest -  Finished TC_003_LoginDataDrivenTest
06:54:49.395 [main] INFO  testCases.TC_003_LoginDataDrivenTest -  Starting TC_003_LoginDataDrivenTest 
06:55:00.234 [main] INFO  testCases.TC_003_LoginDataDrivenTest -  Finished TC_003_LoginDataDrivenTest
06:55:00.237 [main] INFO  testCases.TC_003_LoginDataDrivenTest -  Starting TC_003_LoginDataDrivenTest 
06:55:11.140 [main] INFO  testCases.TC_003_LoginDataDrivenTest -  Finished TC_003_LoginDataDrivenTest
06:55:11.141 [main] INFO  testCases.TC_003_LoginDataDrivenTest -  Starting TC_003_LoginDataDrivenTest 
06:55:12.443 [main] INFO  testCases.TC_003_LoginDataDrivenTest -  Finished TC_003_LoginDataDrivenTest
07:21:21.546 [main] INFO  testCases.TC_002_LoginTest - Starting TC_002_LoginTest
07:21:23.031 [main] INFO  testCases.TC_002_LoginTest -  Finished TC_002_LoginTest
07:21:27.627 [main] INFO  testCases.TC_003_LoginDataDrivenTest -  Starting TC_003_LoginDataDrivenTest 
08:15:23.994 [main] INFO  testCases.TC_002_LoginTest - Starting TC_002_LoginTest
08:15:25.161 [main] INFO  testCases.TC_002_LoginTest -  Finished TC_002_LoginTest
08:15:27.852 [main] INFO  testCases.TC_003_LoginDataDrivenTest -  Starting TC_003_LoginDataDrivenTest 
08:15:29.030 [main] INFO  testCases.TC_003_LoginDataDrivenTest -  Finished TC_003_LoginDataDrivenTest
08:15:29.032 [main] INFO  testCases.TC_003_LoginDataDrivenTest -  Starting TC_003_LoginDataDrivenTest 
08:15:39.709 [main] INFO  testCases.TC_003_LoginDataDrivenTest -  Finished TC_003_LoginDataDrivenTest
08:15:39.710 [main] INFO  testCases.TC_003_LoginDataDrivenTest -  Starting TC_003_LoginDataDrivenTest 
08:15:50.219 [main] INFO  testCases.TC_003_LoginDataDrivenTest -  Finished TC_003_LoginDataDrivenTest
08:15:50.220 [main] INFO  testCases.TC_003_LoginDataDrivenTest -  Starting TC_003_LoginDataDrivenTest 
08:16:00.734 [main] INFO  testCases.TC_003_LoginDataDrivenTest -  Finished TC_003_LoginDataDrivenTest
08:16:00.735 [main] INFO  testCases.TC_003_LoginDataDrivenTest -  Starting TC_003_LoginDataDrivenTest 
08:16:01.477 [main] INFO  testCases.TC_003_LoginDataDrivenTest -  Finished TC_003_LoginDataDrivenTest
08:54:17.729 [main] INFO  testCases.TC_002_LoginTest - Starting TC_002_LoginTest
08:54:20.143 [main] INFO  testCases.TC_002_LoginTest -  Finished TC_002_LoginTest
08:54:24.564 [main] INFO  testCases.TC_003_LoginDataDrivenTest -  Starting TC_003_LoginDataDrivenTest 
08:54:26.709 [main] INFO  testCases.TC_003_LoginDataDrivenTest -  Finished TC_003_LoginDataDrivenTest
08:54:26.711 [main] INFO  testCases.TC_003_LoginDataDrivenTest -  Starting TC_003_LoginDataDrivenTest 
08:54:37.883 [main] INFO  testCases.TC_003_LoginDataDrivenTest -  Finished TC_003_LoginDataDrivenTest
08:54:37.886 [main] INFO  testCases.TC_003_LoginDataDrivenTest -  Starting TC_003_LoginDataDrivenTest 
08:54:48.784 [main] INFO  testCases.TC_003_LoginDataDrivenTest -  Finished TC_003_LoginDataDrivenTest
08:54:48.785 [main] INFO  testCases.TC_003_LoginDataDrivenTest -  Starting TC_003_LoginDataDrivenTest 
08:54:59.288 [main] INFO  testCases.TC_003_LoginDataDrivenTest -  Finished TC_003_LoginDataDrivenTest
08:54:59.289 [main] INFO  testCases.TC_003_LoginDataDrivenTest -  Starting TC_003_LoginDataDrivenTest 
08:55:00.433 [main] INFO  testCases.TC_003_LoginDataDrivenTest -  Finished TC_003_LoginDataDrivenTest
08:59:20.261 [main] INFO  testCases.TC_002_LoginTest - Starting TC_002_LoginTest
08:59:22.302 [main] INFO  testCases.TC_002_LoginTest -  Finished TC_002_LoginTest
08:59:26.886 [main] INFO  testCases.TC_003_LoginDataDrivenTest -  Starting TC_003_LoginDataDrivenTest 
08:59:29.082 [main] INFO  testCases.TC_003_LoginDataDrivenTest -  Finished TC_003_LoginDataDrivenTest
08:59:29.085 [main] INFO  testCases.TC_003_LoginDataDrivenTest -  Starting TC_003_LoginDataDrivenTest 
09:02:58.919 [main] INFO  testCases.TC_002_LoginTest - Starting TC_002_LoginTest
09:03:01.272 [main] INFO  testCases.TC_002_LoginTest -  Finished TC_002_LoginTest
09:03:05.428 [main] INFO  testCases.TC_003_LoginDataDrivenTest -  Starting TC_003_LoginDataDrivenTest 
09:03:07.387 [main] INFO  testCases.TC_003_LoginDataDrivenTest -  Finished TC_003_LoginDataDrivenTest
09:03:07.392 [main] INFO  testCases.TC_003_LoginDataDrivenTest -  Starting TC_003_LoginDataDrivenTest 
09:03:18.698 [main] INFO  testCases.TC_003_LoginDataDrivenTest -  Finished TC_003_LoginDataDrivenTest
09:03:18.699 [main] INFO  testCases.TC_003_LoginDataDrivenTest -  Starting TC_003_LoginDataDrivenTest 
09:03:29.395 [main] INFO  testCases.TC_003_LoginDataDrivenTest -  Finished TC_003_LoginDataDrivenTest
09:03:29.396 [main] INFO  testCases.TC_003_LoginDataDrivenTest -  Starting TC_003_LoginDataDrivenTest 
09:03:40.204 [main] INFO  testCases.TC_003_LoginDataDrivenTest -  Finished TC_003_LoginDataDrivenTest
09:03:40.205 [main] INFO  testCases.TC_003_LoginDataDrivenTest -  Starting TC_003_LoginDataDrivenTest 
09:03:41.320 [main] INFO  testCases.TC_003_LoginDataDrivenTest -  Finished TC_003_LoginDataDrivenTest
00:22:58.403 [TestNG-tests-2] INFO  testCases.TC_001_AccountRegistrationTest - ***  Starting TC_001_AccountRegistrationTest ***
00:22:58.403 [TestNG-tests-1] INFO  testCases.TC_001_AccountRegistrationTest - ***  Starting TC_001_AccountRegistrationTest ***
00:22:58.575 [TestNG-tests-1] INFO  testCases.TC_001_AccountRegistrationTest - Clicked on My account link
00:22:58.609 [TestNG-tests-2] INFO  testCases.TC_001_AccountRegistrationTest - Clicked on My account link
00:23:01.569 [TestNG-tests-3] INFO  testCases.TC_001_AccountRegistrationTest - ***  Starting TC_001_AccountRegistrationTest ***
00:23:01.855 [TestNG-tests-3] INFO  testCases.TC_001_AccountRegistrationTest - Clicked on My account link
00:23:02.468 [TestNG-tests-3] INFO  testCases.TC_001_AccountRegistrationTest - Clicked on register link
00:23:02.475 [TestNG-tests-3] INFO  testCases.TC_001_AccountRegistrationTest - Providing customer data
00:23:05.526 [TestNG-tests-3] INFO  testCases.TC_001_AccountRegistrationTest - Clicked on continue
00:23:05.547 [TestNG-tests-3] INFO  testCases.TC_001_AccountRegistrationTest - Validating expected message
00:23:05.552 [TestNG-tests-3] INFO  testCases.TC_001_AccountRegistrationTest - ***  Finished TC_001_AccountRegistrationTest ***
00:23:08.634 [TestNG-tests-1] ERROR testCases.TC_001_AccountRegistrationTest - test failed
00:23:18.680 [TestNG-tests-2] ERROR testCases.TC_001_AccountRegistrationTest - test failed
14:53:33.332 [main] INFO  testCases.TC_002_LoginTest - Starting TC_002_LoginTest
14:53:34.265 [main] INFO  testCases.TC_002_LoginTest -  Finished TC_002_LoginTest
14:53:36.885 [main] INFO  testCases.TC_003_LoginDataDrivenTest -  Starting TC_003_LoginDataDrivenTest 
14:53:37.963 [main] INFO  testCases.TC_003_LoginDataDrivenTest -  Finished TC_003_LoginDataDrivenTest
14:53:37.966 [main] INFO  testCases.TC_003_LoginDataDrivenTest -  Starting TC_003_LoginDataDrivenTest 
14:53:48.629 [main] INFO  testCases.TC_003_LoginDataDrivenTest -  Finished TC_003_LoginDataDrivenTest
14:53:48.631 [main] INFO  testCases.TC_003_LoginDataDrivenTest -  Starting TC_003_LoginDataDrivenTest 
14:53:59.174 [main] INFO  testCases.TC_003_LoginDataDrivenTest -  Finished TC_003_LoginDataDrivenTest
14:53:59.176 [main] INFO  testCases.TC_003_LoginDataDrivenTest -  Starting TC_003_LoginDataDrivenTest 
14:54:06.493 [main] INFO  testCases.TC_002_LoginTest - Starting TC_002_LoginTest
14:54:07.382 [main] INFO  testCases.TC_002_LoginTest -  Finished TC_002_LoginTest
14:54:09.742 [main] INFO  testCases.TC_003_LoginDataDrivenTest -  Finished TC_003_LoginDataDrivenTest
14:54:09.744 [main] INFO  testCases.TC_003_LoginDataDrivenTest -  Starting TC_003_LoginDataDrivenTest 
14:54:10.151 [main] INFO  testCases.TC_003_LoginDataDrivenTest -  Starting TC_003_LoginDataDrivenTest 
14:54:10.906 [main] INFO  testCases.TC_003_LoginDataDrivenTest -  Finished TC_003_LoginDataDrivenTest
14:54:11.437 [main] INFO  testCases.TC_003_LoginDataDrivenTest -  Finished TC_003_LoginDataDrivenTest
14:54:11.438 [main] INFO  testCases.TC_003_LoginDataDrivenTest -  Starting TC_003_LoginDataDrivenTest 
14:54:22.310 [main] INFO  testCases.TC_003_LoginDataDrivenTest -  Finished TC_003_LoginDataDrivenTest
14:54:22.311 [main] INFO  testCases.TC_003_LoginDataDrivenTest -  Starting TC_003_LoginDataDrivenTest 
16:46:37.897 [main] INFO  testCases.TC_002_LoginTest - Starting TC_002_LoginTest
16:46:39.524 [main] INFO  testCases.TC_002_LoginTest -  Finished TC_002_LoginTest
16:46:43.239 [main] INFO  testCases.TC_003_LoginDataDrivenTest -  Starting TC_003_LoginDataDrivenTest 
16:46:44.791 [main] INFO  testCases.TC_003_LoginDataDrivenTest -  Finished TC_003_LoginDataDrivenTest
16:46:44.793 [main] INFO  testCases.TC_003_LoginDataDrivenTest -  Starting TC_003_LoginDataDrivenTest 
16:46:55.767 [main] INFO  testCases.TC_003_LoginDataDrivenTest -  Finished TC_003_LoginDataDrivenTest
16:46:55.768 [main] INFO  testCases.TC_003_LoginDataDrivenTest -  Starting TC_003_LoginDataDrivenTest 
16:47:06.615 [main] INFO  testCases.TC_003_LoginDataDrivenTest -  Finished TC_003_LoginDataDrivenTest
16:47:06.617 [main] INFO  testCases.TC_003_LoginDataDrivenTest -  Starting TC_003_LoginDataDrivenTest 
16:47:17.492 [main] INFO  testCases.TC_003_LoginDataDrivenTest -  Finished TC_003_LoginDataDrivenTest
16:47:17.494 [main] INFO  testCases.TC_003_LoginDataDrivenTest -  Starting TC_003_LoginDataDrivenTest 
16:47:18.757 [main] INFO  testCases.TC_003_LoginDataDrivenTest -  Finished TC_003_LoginDataDrivenTest
